<?xml version="1.0" encoding="UTF-8"?>
<testsuite xmlns:xsi="http://www.w3.org/2001/XMLSchema-instance" xsi:noNamespaceSchemaLocation="https://maven.apache.org/surefire/maven-surefire-plugin/xsd/surefire-test-report-3.0.xsd" version="3.0" name="com.iut.as2021.metier.MathResultatTest" time="0.075" tests="24" errors="0" skipped="0" failures="0">
  <properties>
    <property name="sun.desktop" value="windows"/>
    <property name="awt.toolkit" value="sun.awt.windows.WToolkit"/>
    <property name="java.specification.version" value="11"/>
    <property name="sun.cpu.isalist" value="amd64"/>
    <property name="sun.jnu.encoding" value="Cp1252"/>
    <property name="java.class.path" value="C:\Travail\Formation_DSI_20250605\CPOA_AS2021\calculatrice\target\test-classes;C:\Travail\Formation_DSI_20250605\CPOA_AS2021\calculatrice\target\classes;C:\Users\stephane.joyeux\.m2\repository\junit\junit\4.7\junit-4.7.jar;C:\Users\stephane.joyeux\.m2\repository\javax\servlet\javax.servlet-api\3.1.0\javax.servlet-api-3.1.0.jar;C:\Users\stephane.joyeux\.m2\repository\mysql\mysql-connector-java\5.1.49\mysql-connector-java-5.1.49.jar;C:\Users\stephane.joyeux\.m2\repository\org\hibernate\hibernate-core\5.4.14.Final\hibernate-core-5.4.14.Final.jar;C:\Users\stephane.joyeux\.m2\repository\org\jboss\logging\jboss-logging\3.3.2.Final\jboss-logging-3.3.2.Final.jar;C:\Users\stephane.joyeux\.m2\repository\javax\persistence\javax.persistence-api\2.2\javax.persistence-api-2.2.jar;C:\Users\stephane.joyeux\.m2\repository\org\javassist\javassist\3.24.0-GA\javassist-3.24.0-GA.jar;C:\Users\stephane.joyeux\.m2\repository\net\bytebuddy\byte-buddy\1.10.7\byte-buddy-1.10.7.jar;C:\Users\stephane.joyeux\.m2\repository\antlr\antlr\2.7.7\antlr-2.7.7.jar;C:\Users\stephane.joyeux\.m2\repository\org\jboss\spec\javax\transaction\jboss-transaction-api_1.2_spec\1.1.1.Final\jboss-transaction-api_1.2_spec-1.1.1.Final.jar;C:\Users\stephane.joyeux\.m2\repository\org\jboss\jandex\2.1.1.Final\jandex-2.1.1.Final.jar;C:\Users\stephane.joyeux\.m2\repository\com\fasterxml\classmate\1.5.1\classmate-1.5.1.jar;C:\Users\stephane.joyeux\.m2\repository\javax\activation\javax.activation-api\1.2.0\javax.activation-api-1.2.0.jar;C:\Users\stephane.joyeux\.m2\repository\org\dom4j\dom4j\2.1.1\dom4j-2.1.1.jar;C:\Users\stephane.joyeux\.m2\repository\org\hibernate\common\hibernate-commons-annotations\5.1.0.Final\hibernate-commons-annotations-5.1.0.Final.jar;C:\Users\stephane.joyeux\.m2\repository\javax\xml\bind\jaxb-api\2.3.1\jaxb-api-2.3.1.jar;C:\Users\stephane.joyeux\.m2\repository\org\glassfish\jaxb\jaxb-runtime\2.3.1\jaxb-runtime-2.3.1.jar;C:\Users\stephane.joyeux\.m2\repository\org\glassfish\jaxb\txw2\2.3.1\txw2-2.3.1.jar;C:\Users\stephane.joyeux\.m2\repository\com\sun\istack\istack-commons-runtime\3.0.7\istack-commons-runtime-3.0.7.jar;C:\Users\stephane.joyeux\.m2\repository\org\jvnet\staxex\stax-ex\1.8\stax-ex-1.8.jar;C:\Users\stephane.joyeux\.m2\repository\com\sun\xml\fastinfoset\FastInfoset\1.2.15\FastInfoset-1.2.15.jar;C:\Users\stephane.joyeux\.m2\repository\org\apache\struts\struts2-core\2.1.6\struts2-core-2.1.6.jar;C:\Users\stephane.joyeux\.m2\repository\com\opensymphony\xwork\2.1.2\xwork-2.1.2.jar;C:\Users\stephane.joyeux\.m2\repository\org\springframework\spring-test\2.5.6\spring-test-2.5.6.jar;C:\Users\stephane.joyeux\.m2\repository\commons-logging\commons-logging\1.1.1\commons-logging-1.1.1.jar;C:\Users\stephane.joyeux\.m2\repository\org\freemarker\freemarker\2.3.13\freemarker-2.3.13.jar;C:\Users\stephane.joyeux\.m2\repository\opensymphony\ognl\2.6.11\ognl-2.6.11.jar;C:\Users\stephane.joyeux\.m2\repository\commons-fileupload\commons-fileupload\1.2.1\commons-fileupload-1.2.1.jar;C:\Users\stephane.joyeux\.m2\repository\commons-io\commons-io\1.3.2\commons-io-1.3.2.jar;C:\Users\stephane.joyeux\.m2\repository\org\mockito\mockito-all\1.10.19\mockito-all-1.10.19.jar;C:\Users\stephane.joyeux\.m2\repository\org\springframework\spring-core\5.3.7\spring-core-5.3.7.jar;C:\Users\stephane.joyeux\.m2\repository\org\springframework\spring-jcl\5.3.7\spring-jcl-5.3.7.jar;C:\Users\stephane.joyeux\.m2\repository\org\springframework\spring-oxm\5.3.7\spring-oxm-5.3.7.jar;C:\Users\stephane.joyeux\.m2\repository\org\springframework\spring-beans\5.3.7\spring-beans-5.3.7.jar;C:\Users\stephane.joyeux\.m2\repository\org\springframework\spring-context\5.3.7\spring-context-5.3.7.jar;C:\Users\stephane.joyeux\.m2\repository\org\springframework\spring-aop\5.3.7\spring-aop-5.3.7.jar;C:\Users\stephane.joyeux\.m2\repository\org\springframework\spring-expression\5.3.7\spring-expression-5.3.7.jar;C:\Users\stephane.joyeux\.m2\repository\org\springframework\spring-webmvc\5.3.7\spring-webmvc-5.3.7.jar;C:\Users\stephane.joyeux\.m2\repository\org\springframework\spring-web\5.3.7\spring-web-5.3.7.jar;C:\Users\stephane.joyeux\.m2\repository\org\springframework\spring-aspects\5.3.7\spring-aspects-5.3.7.jar;C:\Users\stephane.joyeux\.m2\repository\org\aspectj\aspectjweaver\1.9.6\aspectjweaver-1.9.6.jar;"/>
    <property name="java.vm.vendor" value="Oracle Corporation"/>
    <property name="sun.arch.data.model" value="64"/>
    <property name="user.variant" value=""/>
    <property name="java.vendor.url" value="https://openjdk.java.net/"/>
    <property name="user.timezone" value="Europe/Paris"/>
    <property name="java.vm.specification.version" value="11"/>
    <property name="os.name" value="Windows 10"/>
    <property name="sun.java.launcher" value="SUN_STANDARD"/>
    <property name="user.country" value="FR"/>
    <property name="sun.boot.library.path" value="C:\Program Files\Java\jdk-11\bin"/>
    <property name="sun.java.command" value="C:\Users\stephane.joyeux\AppData\Local\Temp\surefire5768330284355307920\surefirebooter-20250507103411619_3.jar C:\Users\stephane.joyeux\AppData\Local\Temp\surefire5768330284355307920 2025-05-07T10-34-10_319-jvmRun1 surefire-20250507103411619_1tmp surefire_0-20250507103411619_2tmp"/>
    <property name="jdk.debug" value="release"/>
    <property name="surefire.test.class.path" value="C:\Travail\Formation_DSI_20250605\CPOA_AS2021\calculatrice\target\test-classes;C:\Travail\Formation_DSI_20250605\CPOA_AS2021\calculatrice\target\classes;C:\Users\stephane.joyeux\.m2\repository\junit\junit\4.7\junit-4.7.jar;C:\Users\stephane.joyeux\.m2\repository\javax\servlet\javax.servlet-api\3.1.0\javax.servlet-api-3.1.0.jar;C:\Users\stephane.joyeux\.m2\repository\mysql\mysql-connector-java\5.1.49\mysql-connector-java-5.1.49.jar;C:\Users\stephane.joyeux\.m2\repository\org\hibernate\hibernate-core\5.4.14.Final\hibernate-core-5.4.14.Final.jar;C:\Users\stephane.joyeux\.m2\repository\org\jboss\logging\jboss-logging\3.3.2.Final\jboss-logging-3.3.2.Final.jar;C:\Users\stephane.joyeux\.m2\repository\javax\persistence\javax.persistence-api\2.2\javax.persistence-api-2.2.jar;C:\Users\stephane.joyeux\.m2\repository\org\javassist\javassist\3.24.0-GA\javassist-3.24.0-GA.jar;C:\Users\stephane.joyeux\.m2\repository\net\bytebuddy\byte-buddy\1.10.7\byte-buddy-1.10.7.jar;C:\Users\stephane.joyeux\.m2\repository\antlr\antlr\2.7.7\antlr-2.7.7.jar;C:\Users\stephane.joyeux\.m2\repository\org\jboss\spec\javax\transaction\jboss-transaction-api_1.2_spec\1.1.1.Final\jboss-transaction-api_1.2_spec-1.1.1.Final.jar;C:\Users\stephane.joyeux\.m2\repository\org\jboss\jandex\2.1.1.Final\jandex-2.1.1.Final.jar;C:\Users\stephane.joyeux\.m2\repository\com\fasterxml\classmate\1.5.1\classmate-1.5.1.jar;C:\Users\stephane.joyeux\.m2\repository\javax\activation\javax.activation-api\1.2.0\javax.activation-api-1.2.0.jar;C:\Users\stephane.joyeux\.m2\repository\org\dom4j\dom4j\2.1.1\dom4j-2.1.1.jar;C:\Users\stephane.joyeux\.m2\repository\org\hibernate\common\hibernate-commons-annotations\5.1.0.Final\hibernate-commons-annotations-5.1.0.Final.jar;C:\Users\stephane.joyeux\.m2\repository\javax\xml\bind\jaxb-api\2.3.1\jaxb-api-2.3.1.jar;C:\Users\stephane.joyeux\.m2\repository\org\glassfish\jaxb\jaxb-runtime\2.3.1\jaxb-runtime-2.3.1.jar;C:\Users\stephane.joyeux\.m2\repository\org\glassfish\jaxb\txw2\2.3.1\txw2-2.3.1.jar;C:\Users\stephane.joyeux\.m2\repository\com\sun\istack\istack-commons-runtime\3.0.7\istack-commons-runtime-3.0.7.jar;C:\Users\stephane.joyeux\.m2\repository\org\jvnet\staxex\stax-ex\1.8\stax-ex-1.8.jar;C:\Users\stephane.joyeux\.m2\repository\com\sun\xml\fastinfoset\FastInfoset\1.2.15\FastInfoset-1.2.15.jar;C:\Users\stephane.joyeux\.m2\repository\org\apache\struts\struts2-core\2.1.6\struts2-core-2.1.6.jar;C:\Users\stephane.joyeux\.m2\repository\com\opensymphony\xwork\2.1.2\xwork-2.1.2.jar;C:\Users\stephane.joyeux\.m2\repository\org\springframework\spring-test\2.5.6\spring-test-2.5.6.jar;C:\Users\stephane.joyeux\.m2\repository\commons-logging\commons-logging\1.1.1\commons-logging-1.1.1.jar;C:\Users\stephane.joyeux\.m2\repository\org\freemarker\freemarker\2.3.13\freemarker-2.3.13.jar;C:\Users\stephane.joyeux\.m2\repository\opensymphony\ognl\2.6.11\ognl-2.6.11.jar;C:\Users\stephane.joyeux\.m2\repository\commons-fileupload\commons-fileupload\1.2.1\commons-fileupload-1.2.1.jar;C:\Users\stephane.joyeux\.m2\repository\commons-io\commons-io\1.3.2\commons-io-1.3.2.jar;C:\Users\stephane.joyeux\.m2\repository\org\mockito\mockito-all\1.10.19\mockito-all-1.10.19.jar;C:\Users\stephane.joyeux\.m2\repository\org\springframework\spring-core\5.3.7\spring-core-5.3.7.jar;C:\Users\stephane.joyeux\.m2\repository\org\springframework\spring-jcl\5.3.7\spring-jcl-5.3.7.jar;C:\Users\stephane.joyeux\.m2\repository\org\springframework\spring-oxm\5.3.7\spring-oxm-5.3.7.jar;C:\Users\stephane.joyeux\.m2\repository\org\springframework\spring-beans\5.3.7\spring-beans-5.3.7.jar;C:\Users\stephane.joyeux\.m2\repository\org\springframework\spring-context\5.3.7\spring-context-5.3.7.jar;C:\Users\stephane.joyeux\.m2\repository\org\springframework\spring-aop\5.3.7\spring-aop-5.3.7.jar;C:\Users\stephane.joyeux\.m2\repository\org\springframework\spring-expression\5.3.7\spring-expression-5.3.7.jar;C:\Users\stephane.joyeux\.m2\repository\org\springframework\spring-webmvc\5.3.7\spring-webmvc-5.3.7.jar;C:\Users\stephane.joyeux\.m2\repository\org\springframework\spring-web\5.3.7\spring-web-5.3.7.jar;C:\Users\stephane.joyeux\.m2\repository\org\springframework\spring-aspects\5.3.7\spring-aspects-5.3.7.jar;C:\Users\stephane.joyeux\.m2\repository\org\aspectj\aspectjweaver\1.9.6\aspectjweaver-1.9.6.jar;"/>
    <property name="sun.cpu.endian" value="little"/>
    <property name="user.home" value="C:\Users\stephane.joyeux"/>
    <property name="user.language" value="fr"/>
    <property name="java.specification.vendor" value="Oracle Corporation"/>
    <property name="java.version.date" value="2023-07-18"/>
    <property name="java.home" value="C:\Program Files\Java\jdk-11"/>
    <property name="file.separator" value="\"/>
    <property name="basedir" value="C:\Travail\Formation_DSI_20250605\CPOA_AS2021\calculatrice"/>
    <property name="java.vm.compressedOopsMode" value="Zero based"/>
    <property name="line.separator" value="&#10;"/>
    <property name="java.specification.name" value="Java Platform API Specification"/>
    <property name="java.vm.specification.vendor" value="Oracle Corporation"/>
    <property name="java.awt.graphicsenv" value="sun.awt.Win32GraphicsEnvironment"/>
    <property name="surefire.real.class.path" value="C:\Users\stephane.joyeux\AppData\Local\Temp\surefire5768330284355307920\surefirebooter-20250507103411619_3.jar"/>
    <property name="user.script" value=""/>
    <property name="sun.management.compiler" value="HotSpot 64-Bit Tiered Compilers"/>
    <property name="java.runtime.version" value="11.0.20+9-LTS-256"/>
    <property name="user.name" value="stephane.joyeux"/>
    <property name="path.separator" value=";"/>
    <property name="os.version" value="10.0"/>
    <property name="java.runtime.name" value="Java(TM) SE Runtime Environment"/>
    <property name="file.encoding" value="Cp1252"/>
    <property name="java.vm.name" value="Java HotSpot(TM) 64-Bit Server VM"/>
    <property name="java.vendor.version" value="18.9"/>
    <property name="localRepository" value="C:\Users\stephane.joyeux\.m2\repository"/>
    <property name="java.vendor.url.bug" value="https://bugreport.java.com/bugreport/"/>
    <property name="java.io.tmpdir" value="C:\Users\STEPHA~1.JOY\AppData\Local\Temp\"/>
    <property name="idea.version" value="2023.2.4"/>
    <property name="java.version" value="11.0.20"/>
    <property name="user.dir" value="C:\Travail\Formation_DSI_20250605\CPOA_AS2021\calculatrice"/>
    <property name="os.arch" value="amd64"/>
    <property name="java.vm.specification.name" value="Java Virtual Machine Specification"/>
    <property name="java.awt.printerjob" value="sun.awt.windows.WPrinterJob"/>
    <property name="sun.os.patch.level" value=""/>
    <property name="java.library.path" value="C:\Program Files\Java\jdk-11\bin;C:\WINDOWS\Sun\Java\bin;C:\WINDOWS\system32;C:\WINDOWS;C:\Program Files (x86)\Common Files\Oracle\Java\java8path;C:\Program Files (x86)\Common Files\Oracle\Java\javapath;C:\Program Files\Java\jdk-17;C:\Travail\Maven\apache-maven-3.8.1\bin;C:\Program Files (x86)\RSA SecurID Token Common;C:\Program Files\RSA SecurID Token Common;C:\Program Files (x86)\VMware\VMware Player\bin\;C:\Program Files (x86)\Intel\iCLS Client\;C:\Program Files\Intel\iCLS Client\;C:\WINDOWS\system32;C:\WINDOWS;C:\WINDOWS\System32\Wbem;C:\WINDOWS\System32\WindowsPowerShell\v1.0\;C:\Program Files (x86)\Intel\Intel(R) Management Engine Components\DAL;C:\Program Files\Intel\Intel(R) Management Engine Components\DAL;C:\Program Files (x86)\Intel\Intel(R) Management Engine Components\IPT;C:\Program Files\Intel\Intel(R) Management Engine Components\IPT;C:\WINDOWS\System32\OpenSSH\;C:\Program Files\Intel\WiFi\bin\;C:\Program Files\Common Files\Intel\WirelessCommon\;C:\Program Files\Microsoft VS Code\bin;C:\python27;C:\python27\Scripts;C:\wamp\bin\php\php5.5.12;C:\composer;C:\Program Files\Cloanto\Amiga Explorer\Windows\;C:\Users\stephane.joyeux\AppData\Roaming\nvm;C:\Program Files\nodejs;C:\Program Files\Java\jdk-17\bin;C:\Program Files (x86)\AOMEI\AOMEI Backupper\7.3.2;C:\Program Files\TortoiseGit\bin;C:\Program Files\Git\cmd;C:\Program Files\Docker\Docker\resources\bin;C:\Users\stephane.joyeux\scoop\shims;C:\Program Files\RSA SecurID Token Common\;C:\Users\stephane.joyeux\AppData\Roaming\nvm;C:\Program Files\nodejs;."/>
    <property name="java.vendor" value="Oracle Corporation"/>
    <property name="java.vm.info" value="mixed mode"/>
    <property name="java.vm.version" value="11.0.20+9-LTS-256"/>
    <property name="java.specification.maintenance.version" value="2"/>
    <property name="sun.io.unicode.encoding" value="UnicodeLittle"/>
    <property name="java.class.version" value="55.0"/>
  </properties>
  <testcase name="_00_testExpressionEstVide" classname="com.iut.as2021.metier.MathResultatTest" time="0"/>
  <testcase name="_05_testExpressionSimpleDivision" classname="com.iut.as2021.metier.MathResultatTest" time="0.006">
    <system-out><![CDATA[
******* START ******* *******
Processing ... : 8/2
Processing ... : 8
Processing ... : 2
- ------ calcul de l'arbre binaire ------ -
-> 1 / direction : INIT
- Operation : DIVISION
- Gauche value : 8.0
- Droite value : 2.0
-> Le Resultat est = 4.0
******* END ******* ******* FINAL : 4.0
]]></system-out>
  </testcase>
  <testcase name="testExpressionPriorityToMultiply" classname="com.iut.as2021.metier.MathResultatTest" time="0.007">
    <system-out><![CDATA[
******* START ******* *******
Processing ... : 2+3*5-1+2
Processing ... : 2
Processing ... : 3*5-1+2
Processing ... : 3*5-1
Processing ... : 3*5
Processing ... : 3
Processing ... : 5
Processing ... : 1
Processing ... : 2
- ------ calcul de l'arbre binaire ------ -
-> 4 / direction : GAUCHE
- Operation : MULTIPLICATION
- Gauche value : 3.0
- Droite value : 5.0
-> Le Resultat est = 15.0
- ------ calcul de l'arbre binaire ------ -
-> 3 / direction : GAUCHE
- Operation : SOUSTRACTION
- Gauche value : 15.0
- Droite value : 1.0
-> Le Resultat est = 14.0
- ------ calcul de l'arbre binaire ------ -
-> 2 / direction : DROITE
- Operation : ADDITION
- Gauche value : 14.0
- Droite value : 2.0
-> Le Resultat est = 16.0
- ------ calcul de l'arbre binaire ------ -
-> 1 / direction : INIT
- Operation : ADDITION
- Gauche value : 2.0
- Droite value : 16.0
-> Le Resultat est = 18.0
******* END ******* ******* FINAL : 18.0
]]></system-out>
  </testcase>
  <testcase name="testExpressionComplexe" classname="com.iut.as2021.metier.MathResultatTest" time="0.006">
    <system-out><![CDATA[
******* START ******* *******
Processing ... : 7+4*3*4+1
Processing ... : 7
Processing ... : 4*3*4+1
Processing ... : 4*3*4
Processing ... : 4
Processing ... : 3*4
Processing ... : 3
Processing ... : 4
Processing ... : 1
- ------ calcul de l'arbre binaire ------ -
-> 4 / direction : DROITE
- Operation : MULTIPLICATION
- Gauche value : 3.0
- Droite value : 4.0
-> Le Resultat est = 12.0
- ------ calcul de l'arbre binaire ------ -
-> 3 / direction : GAUCHE
- Operation : MULTIPLICATION
- Gauche value : 4.0
- Droite value : 12.0
-> Le Resultat est = 48.0
- ------ calcul de l'arbre binaire ------ -
-> 2 / direction : DROITE
- Operation : ADDITION
- Gauche value : 48.0
- Droite value : 1.0
-> Le Resultat est = 49.0
- ------ calcul de l'arbre binaire ------ -
-> 1 / direction : INIT
- Operation : ADDITION
- Gauche value : 7.0
- Droite value : 49.0
-> Le Resultat est = 56.0
******* END ******* ******* FINAL : 56.0
]]></system-out>
  </testcase>
  <testcase name="_01_testExpressionEstNull" classname="com.iut.as2021.metier.MathResultatTest" time="0"/>
  <testcase name="_02_testExpressionSimpleAddition" classname="com.iut.as2021.metier.MathResultatTest" time="0.003">
    <system-out><![CDATA[
******* START ******* *******
Processing ... : 2+3
Processing ... : 2
Processing ... : 3
- ------ calcul de l'arbre binaire ------ -
-> 1 / direction : INIT
- Operation : ADDITION
- Gauche value : 2.0
- Droite value : 3.0
-> Le Resultat est = 5.0
******* END ******* ******* FINAL : 5.0
]]></system-out>
  </testcase>
  <testcase name="testExpressionSimpleSoustractionMultiple" classname="com.iut.as2021.metier.MathResultatTest" time="0.001">
    <system-out><![CDATA[
******* START ******* *******
Processing ... : 7-3+1
Processing ... : 7-3
Processing ... : 7
Processing ... : 3
Processing ... : 1
- ------ calcul de l'arbre binaire ------ -
-> 2 / direction : GAUCHE
- Operation : SOUSTRACTION
- Gauche value : 7.0
- Droite value : 3.0
-> Le Resultat est = 4.0
- ------ calcul de l'arbre binaire ------ -
-> 1 / direction : INIT
- Operation : ADDITION
- Gauche value : 4.0
- Droite value : 1.0
-> Le Resultat est = 5.0
******* END ******* ******* FINAL : 5.0
]]></system-out>
  </testcase>
  <testcase name="_06_testExpressionWithBracketSimpleMultiplication" classname="com.iut.as2021.metier.MathResultatTest" time="0.002">
    <system-out><![CDATA[
******* START ******* *******
Processing ... : [2+3]*7
Processing ... : [2+3]
Processing ... : [2
Processing ... : 3]
Processing ... : 7
- ------ calcul de l'arbre binaire ------ -
-> 2 / direction : GAUCHE
- Operation : ADDITION
- Gauche value : 2.0
- Droite value : 3.0
-> Le Resultat est = 5.0
- ------ calcul de l'arbre binaire ------ -
-> 1 / direction : INIT
- Operation : MULTIPLICATION
- Gauche value : 5.0
- Droite value : 7.0
-> Le Resultat est = 35.0
******* END ******* ******* FINAL : 35.0
]]></system-out>
  </testcase>
  <testcase name="testExpressionSimpleAdditionWithBracket" classname="com.iut.as2021.metier.MathResultatTest" time="0.002">
    <system-out><![CDATA[
******* START ******* *******
Processing ... : [2+3]+11
Processing ... : [2+3]
Processing ... : [2
Processing ... : 3]
Processing ... : 11
- ------ calcul de l'arbre binaire ------ -
-> 2 / direction : GAUCHE
- Operation : ADDITION
- Gauche value : 2.0
- Droite value : 3.0
-> Le Resultat est = 5.0
- ------ calcul de l'arbre binaire ------ -
-> 1 / direction : INIT
- Operation : ADDITION
- Gauche value : 5.0
- Droite value : 11.0
-> Le Resultat est = 16.0
******* END ******* ******* FINAL : 16.0
]]></system-out>
  </testcase>
  <testcase name="testExpressionComplexWithSeveralBrackets" classname="com.iut.as2021.metier.MathResultatTest" time="0.003">
    <system-out><![CDATA[
******* START ******* *******
Processing ... : [[[[[2+3]]*[[4+5]]+2]]]
Processing ... : [[[[[2+3]]*[[4+5]]
Processing ... : [[[[[2+3]]
Processing ... : [[[[[2
Processing ... : 3]]
Processing ... : [[4+5]]
Processing ... : [[4
Processing ... : 5]]
Processing ... : 2]]]
- ------ calcul de l'arbre binaire ------ -
-> 3 / direction : GAUCHE
- Operation : ADDITION
- Gauche value : 2.0
- Droite value : 3.0
-> Le Resultat est = 5.0
- ------ calcul de l'arbre binaire ------ -
-> 3 / direction : DROITE
- Operation : ADDITION
- Gauche value : 4.0
- Droite value : 5.0
-> Le Resultat est = 9.0
- ------ calcul de l'arbre binaire ------ -
-> 2 / direction : GAUCHE
- Operation : MULTIPLICATION
- Gauche value : 5.0
- Droite value : 9.0
-> Le Resultat est = 45.0
- ------ calcul de l'arbre binaire ------ -
-> 1 / direction : INIT
- Operation : ADDITION
- Gauche value : 45.0
- Droite value : 2.0
-> Le Resultat est = 47.0
******* END ******* ******* FINAL : 47.0
]]></system-out>
  </testcase>
  <testcase name="_10_testExpressionSimpleAdditionMultiples" classname="com.iut.as2021.metier.MathResultatTest" time="0.002">
    <system-out><![CDATA[
******* START ******* *******
Processing ... : 2+3-1+7+8
Processing ... : 2
Processing ... : 3-1+7+8
Processing ... : 3-1
Processing ... : 3
Processing ... : 1
Processing ... : 7+8
Processing ... : 7
Processing ... : 8
- ------ calcul de l'arbre binaire ------ -
-> 3 / direction : GAUCHE
- Operation : SOUSTRACTION
- Gauche value : 3.0
- Droite value : 1.0
-> Le Resultat est = 2.0
- ------ calcul de l'arbre binaire ------ -
-> 3 / direction : DROITE
- Operation : ADDITION
- Gauche value : 7.0
- Droite value : 8.0
-> Le Resultat est = 15.0
- ------ calcul de l'arbre binaire ------ -
-> 2 / direction : DROITE
- Operation : ADDITION
- Gauche value : 2.0
- Droite value : 15.0
-> Le Resultat est = 17.0
- ------ calcul de l'arbre binaire ------ -
-> 1 / direction : INIT
- Operation : ADDITION
- Gauche value : 2.0
- Droite value : 17.0
-> Le Resultat est = 19.0
******* END ******* ******* FINAL : 19.0
]]></system-out>
  </testcase>
  <testcase name="testExpressionSimpleAdditionExpressionErronnee" classname="com.iut.as2021.metier.MathResultatTest" time="0.002">
    <system-out><![CDATA[
******* START ******* *******
Processing ... : 2+3+
Processing ... : 2
Processing ... : 3+
Processing ... : 3
- ------ calcul de l'arbre binaire ------ -
-> 2 / direction : DROITE
- Operation : ADDITION
- Gauche value : 3.0
- Droite value : 0.0
-> Le Resultat est = 3.0
- ------ calcul de l'arbre binaire ------ -
-> 1 / direction : INIT
- Operation : ADDITION
- Gauche value : 2.0
- Droite value : 3.0
-> Le Resultat est = 5.0
******* END ******* ******* FINAL : 5.0
]]></system-out>
  </testcase>
  <testcase name="_09_testExpressionWithBracketSimpleSoustraction" classname="com.iut.as2021.metier.MathResultatTest" time="0.002">
    <system-out><![CDATA[
******* START ******* *******
Processing ... : [8+4]-3
Processing ... : [8+4]
Processing ... : [8
Processing ... : 4]
Processing ... : 3
- ------ calcul de l'arbre binaire ------ -
-> 2 / direction : GAUCHE
- Operation : ADDITION
- Gauche value : 8.0
- Droite value : 4.0
-> Le Resultat est = 12.0
- ------ calcul de l'arbre binaire ------ -
-> 1 / direction : INIT
- Operation : SOUSTRACTION
- Gauche value : 12.0
- Droite value : 3.0
-> Le Resultat est = 9.0
******* END ******* ******* FINAL : 9.0
]]></system-out>
  </testcase>
  <testcase name="testExpressionSimpleAdditionWithSeveralBrackets" classname="com.iut.as2021.metier.MathResultatTest" time="0.003">
    <system-out><![CDATA[
******* START ******* *******
Processing ... : [[[[2+3]]*[[4+5]]]]
Processing ... : [[[[2+3]]
Processing ... : [[[[2
Processing ... : 3]]
Processing ... : [[4+5]]]]
Processing ... : [[4
Processing ... : 5]]]]
- ------ calcul de l'arbre binaire ------ -
-> 2 / direction : GAUCHE
- Operation : ADDITION
- Gauche value : 2.0
- Droite value : 3.0
-> Le Resultat est = 5.0
- ------ calcul de l'arbre binaire ------ -
-> 2 / direction : DROITE
- Operation : ADDITION
- Gauche value : 4.0
- Droite value : 5.0
-> Le Resultat est = 9.0
- ------ calcul de l'arbre binaire ------ -
-> 1 / direction : INIT
- Operation : MULTIPLICATION
- Gauche value : 5.0
- Droite value : 9.0
-> Le Resultat est = 45.0
******* END ******* ******* FINAL : 45.0
]]></system-out>
  </testcase>
  <testcase name="testExpressionPriorityToSeveralMultiply" classname="com.iut.as2021.metier.MathResultatTest" time="0.004">
    <system-out><![CDATA[
******* START ******* *******
Processing ... : 2+3*5*2+7
Processing ... : 2
Processing ... : 3*5*2+7
Processing ... : 3*5*2
Processing ... : 3
Processing ... : 5*2
Processing ... : 5
Processing ... : 2
Processing ... : 7
- ------ calcul de l'arbre binaire ------ -
-> 4 / direction : DROITE
- Operation : MULTIPLICATION
- Gauche value : 5.0
- Droite value : 2.0
-> Le Resultat est = 10.0
- ------ calcul de l'arbre binaire ------ -
-> 3 / direction : GAUCHE
- Operation : MULTIPLICATION
- Gauche value : 3.0
- Droite value : 10.0
-> Le Resultat est = 30.0
- ------ calcul de l'arbre binaire ------ -
-> 2 / direction : DROITE
- Operation : ADDITION
- Gauche value : 30.0
- Droite value : 7.0
-> Le Resultat est = 37.0
- ------ calcul de l'arbre binaire ------ -
-> 1 / direction : INIT
- Operation : ADDITION
- Gauche value : 2.0
- Droite value : 37.0
-> Le Resultat est = 39.0
******* END ******* ******* FINAL : 39.0
]]></system-out>
  </testcase>
  <testcase name="testExpressionMultiplicationAndAddition" classname="com.iut.as2021.metier.MathResultatTest" time="0.003">
    <system-out><![CDATA[
******* START ******* *******
Processing ... : 7+4*3+2+1
Processing ... : 7
Processing ... : 4*3+2+1
Processing ... : 4*3
Processing ... : 4
Processing ... : 3
Processing ... : 2+1
Processing ... : 2
Processing ... : 1
- ------ calcul de l'arbre binaire ------ -
-> 3 / direction : GAUCHE
- Operation : MULTIPLICATION
- Gauche value : 4.0
- Droite value : 3.0
-> Le Resultat est = 12.0
- ------ calcul de l'arbre binaire ------ -
-> 3 / direction : DROITE
- Operation : ADDITION
- Gauche value : 2.0
- Droite value : 1.0
-> Le Resultat est = 3.0
- ------ calcul de l'arbre binaire ------ -
-> 2 / direction : DROITE
- Operation : ADDITION
- Gauche value : 12.0
- Droite value : 3.0
-> Le Resultat est = 15.0
- ------ calcul de l'arbre binaire ------ -
-> 1 / direction : INIT
- Operation : ADDITION
- Gauche value : 7.0
- Droite value : 15.0
-> Le Resultat est = 22.0
******* END ******* ******* FINAL : 22.0
]]></system-out>
  </testcase>
  <testcase name="testExpressionSimpleAvecMultiplication" classname="com.iut.as2021.metier.MathResultatTest" time="0.002">
    <system-out><![CDATA[
******* START ******* *******
Processing ... : 7+1*3+1
Processing ... : 7
Processing ... : 1*3+1
Processing ... : 1*3
Processing ... : 1
Processing ... : 3
Processing ... : 1
- ------ calcul de l'arbre binaire ------ -
-> 3 / direction : GAUCHE
- Operation : MULTIPLICATION
- Gauche value : 1.0
- Droite value : 3.0
-> Le Resultat est = 3.0
- ------ calcul de l'arbre binaire ------ -
-> 2 / direction : DROITE
- Operation : ADDITION
- Gauche value : 3.0
- Droite value : 1.0
-> Le Resultat est = 4.0
- ------ calcul de l'arbre binaire ------ -
-> 1 / direction : INIT
- Operation : ADDITION
- Gauche value : 7.0
- Droite value : 4.0
-> Le Resultat est = 11.0
******* END ******* ******* FINAL : 11.0
]]></system-out>
  </testcase>
  <testcase name="_07_testExpressionWithBracketSimpleAddition" classname="com.iut.as2021.metier.MathResultatTest" time="0.002">
    <system-out><![CDATA[
******* START ******* *******
Processing ... : [2+3]+7
Processing ... : [2+3]
Processing ... : [2
Processing ... : 3]
Processing ... : 7
- ------ calcul de l'arbre binaire ------ -
-> 2 / direction : GAUCHE
- Operation : ADDITION
- Gauche value : 2.0
- Droite value : 3.0
-> Le Resultat est = 5.0
- ------ calcul de l'arbre binaire ------ -
-> 1 / direction : INIT
- Operation : ADDITION
- Gauche value : 5.0
- Droite value : 7.0
-> Le Resultat est = 12.0
******* END ******* ******* FINAL : 12.0
]]></system-out>
  </testcase>
  <testcase name="testExpressionSimpleAdditionWithTwoBrackets" classname="com.iut.as2021.metier.MathResultatTest" time="0.001">
    <system-out><![CDATA[
******* START ******* *******
Processing ... : [2+5]+[1*5]
Processing ... : [2+5]
Processing ... : [2
Processing ... : 5]
Processing ... : [1*5]
Processing ... : [1
Processing ... : 5]
- ------ calcul de l'arbre binaire ------ -
-> 2 / direction : GAUCHE
- Operation : ADDITION
- Gauche value : 2.0
- Droite value : 5.0
-> Le Resultat est = 7.0
- ------ calcul de l'arbre binaire ------ -
-> 2 / direction : DROITE
- Operation : MULTIPLICATION
- Gauche value : 1.0
- Droite value : 5.0
-> Le Resultat est = 5.0
- ------ calcul de l'arbre binaire ------ -
-> 1 / direction : INIT
- Operation : ADDITION
- Gauche value : 7.0
- Droite value : 5.0
-> Le Resultat est = 12.0
******* END ******* ******* FINAL : 12.0
]]></system-out>
  </testcase>
  <testcase name="_04_testExpressionSimpleMultiplication" classname="com.iut.as2021.metier.MathResultatTest" time="0.001">
    <system-out><![CDATA[
******* START ******* *******
Processing ... : 9*8
Processing ... : 9
Processing ... : 8
- ------ calcul de l'arbre binaire ------ -
-> 1 / direction : INIT
- Operation : MULTIPLICATION
- Gauche value : 9.0
- Droite value : 8.0
-> Le Resultat est = 72.0
******* END ******* ******* FINAL : 72.0
]]></system-out>
  </testcase>
  <testcase name="_03_testExpressionSimpleSoustraction" classname="com.iut.as2021.metier.MathResultatTest" time="0.001">
    <system-out><![CDATA[
******* START ******* *******
Processing ... : 2-3
Processing ... : 2
Processing ... : 3
- ------ calcul de l'arbre binaire ------ -
-> 1 / direction : INIT
- Operation : SOUSTRACTION
- Gauche value : 2.0
- Droite value : 3.0
-> Le Resultat est = -1.0
******* END ******* ******* FINAL : -1.0
]]></system-out>
  </testcase>
  <testcase name="_08_testExpressionWithBracketSimpleDivision" classname="com.iut.as2021.metier.MathResultatTest" time="0.002">
    <system-out><![CDATA[
******* START ******* *******
Processing ... : [8+4]/3
Processing ... : [8+4]
Processing ... : [8
Processing ... : 4]
Processing ... : 3
- ------ calcul de l'arbre binaire ------ -
-> 2 / direction : GAUCHE
- Operation : ADDITION
- Gauche value : 8.0
- Droite value : 4.0
-> Le Resultat est = 12.0
- ------ calcul de l'arbre binaire ------ -
-> 1 / direction : INIT
- Operation : DIVISION
- Gauche value : 12.0
- Droite value : 3.0
-> Le Resultat est = 4.0
******* END ******* ******* FINAL : 4.0
]]></system-out>
  </testcase>
  <testcase name="testExpressionSimpleAdditionWithSeveralBracketsPlus" classname="com.iut.as2021.metier.MathResultatTest" time="0.002">
    <system-out><![CDATA[
******* START ******* *******
Processing ... : [[[2+3]]*[4+5]+2]
Processing ... : [[[2+3]]*[4+5]
Processing ... : [[[2+3]]
Processing ... : [[[2
Processing ... : 3]]
Processing ... : [4+5]
Processing ... : [4
Processing ... : 5]
Processing ... : 2]
- ------ calcul de l'arbre binaire ------ -
-> 3 / direction : GAUCHE
- Operation : ADDITION
- Gauche value : 2.0
- Droite value : 3.0
-> Le Resultat est = 5.0
- ------ calcul de l'arbre binaire ------ -
-> 3 / direction : DROITE
- Operation : ADDITION
- Gauche value : 4.0
- Droite value : 5.0
-> Le Resultat est = 9.0
- ------ calcul de l'arbre binaire ------ -
-> 2 / direction : GAUCHE
- Operation : MULTIPLICATION
- Gauche value : 5.0
- Droite value : 9.0
-> Le Resultat est = 45.0
- ------ calcul de l'arbre binaire ------ -
-> 1 / direction : INIT
- Operation : ADDITION
- Gauche value : 45.0
- Droite value : 2.0
-> Le Resultat est = 47.0
******* END ******* ******* FINAL : 47.0
]]></system-out>
  </testcase>
  <testcase name="testExpressionSimpleAdditionWithTwoBracketsAndMultiply" classname="com.iut.as2021.metier.MathResultatTest" time="0.002">
    <system-out><![CDATA[
******* START ******* *******
Processing ... : [2+5]*[1+3]
Processing ... : [2+5]
Processing ... : [2
Processing ... : 5]
Processing ... : [1+3]
Processing ... : [1
Processing ... : 3]
- ------ calcul de l'arbre binaire ------ -
-> 2 / direction : GAUCHE
- Operation : ADDITION
- Gauche value : 2.0
- Droite value : 5.0
-> Le Resultat est = 7.0
- ------ calcul de l'arbre binaire ------ -
-> 2 / direction : DROITE
- Operation : ADDITION
- Gauche value : 1.0
- Droite value : 3.0
-> Le Resultat est = 4.0
- ------ calcul de l'arbre binaire ------ -
-> 1 / direction : INIT
- Operation : MULTIPLICATION
- Gauche value : 7.0
- Droite value : 4.0
-> Le Resultat est = 28.0
******* END ******* ******* FINAL : 28.0
]]></system-out>
  </testcase>
</testsuite>